# JRE version: Java(TM) SE Runtime Environment (9.0+11) (build 9.0.4+11)
# Java VM: Java HotSpot(TM) 64-Bit Server VM (9.0.4+11, mixed mode, tiered, compressed oops, g1 gc, windows-amd64)
Heap:
 garbage-first heap   total 296960K, used 3416K [0x0000000081a00000, 0x0000000081b00910, 0x0000000100000000)
  region size 1024K, 2 young (2048K), 2 survivors (2048K)
 Metaspace       used 7320K, capacity 7924K, committed 8064K, reserved 1056768K
  class space    used 728K, capacity 823K, committed 896K, reserved 1048576K
GC Heap History (10 events):
Event: 3.947 GC heap after
{Heap after GC invocations=15 (full 0):
 garbage-first heap   total 157696K, used 2134K [0x0000000081a00000, 0x0000000081b004d0, 0x0000000100000000)
  region size 1024K, 3 young (3072K), 3 survivors (3072K)
 Metaspace       used 7274K, capacity 7810K, committed 8064K, reserved 1056768K
  class space    used 722K, capacity 814K, committed 896K, reserved 1048576K
}
Event: 4.081 GC heap before
{Heap before GC invocations=15 (full 0):
 garbage-first heap   total 157696K, used 93270K [0x0000000081a00000, 0x0000000081b004d0, 0x0000000100000000)
  region size 1024K, 92 young (94208K), 3 survivors (3072K)
 Metaspace       used 7274K, capacity 7810K, committed 8064K, reserved 1056768K
  class space    used 722K, capacity 814K, committed 896K, reserved 1048576K
}
Event: 4.089 GC heap after
{Heap after GC invocations=16 (full 0):
 garbage-first heap   total 189440K, used 2378K [0x0000000081a00000, 0x0000000081b005c8, 0x0000000100000000)
  region size 1024K, 1 young (1024K), 1 survivors (1024K)
 Metaspace       used 7274K, capacity 7810K, committed 8064K, reserved 1056768K
  class space    used 722K, capacity 814K, committed 896K, reserved 1048576K
}
Event: 4.283 GC heap before
{Heap before GC invocations=16 (full 0):
 garbage-first heap   total 189440K, used 115018K [0x0000000081a00000, 0x0000000081b005c8, 0x0000000100000000)
  region size 1024K, 111 young (113664K), 1 survivors (1024K)
 Metaspace       used 7275K, capacity 7810K, committed 8064K, reserved 1056768K
  class space    used 722K, capacity 814K, committed 896K, reserved 1048576K
}
Event: 4.291 GC heap after
{Heap after GC invocations=17 (full 0):
 garbage-first heap   total 189440K, used 2801K [0x0000000081a00000, 0x0000000081b005c8, 0x0000000100000000)
  region size 1024K, 1 young (1024K), 1 survivors (1024K)
 Metaspace       used 7275K, capacity 7810K, committed 8064K, reserved 1056768K
  class space    used 722K, capacity 814K, committed 896K, reserved 1048576K
}
Event: 4.459 GC heap before
{Heap before GC invocations=17 (full 0):
 garbage-first heap   total 189440K, used 115441K [0x0000000081a00000, 0x0000000081b005c8, 0x0000000100000000)
  region size 1024K, 111 young (113664K), 1 survivors (1024K)
 Metaspace       used 7318K, capacity 7924K, committed 8064K, reserved 1056768K
  class space    used 728K, capacity 823K, committed 896K, reserved 1048576K
}
Event: 4.467 GC heap after
{Heap after GC invocations=18 (full 0):
 garbage-first heap   total 189440K, used 2826K [0x0000000081a00000, 0x0000000081b005c8, 0x0000000100000000)
  region size 1024K, 1 young (1024K), 1 survivors (1024K)
 Metaspace       used 7318K, capacity 7924K, committed 8064K, reserved 1056768K
  class space    used 728K, capacity 823K, committed 896K, reserved 1048576K
}
Event: 4.609 GC heap before
{Heap before GC invocations=18 (full 0):
 garbage-first heap   total 189440K, used 119562K [0x0000000081a00000, 0x0000000081b005c8, 0x0000000100000000)
  region size 1024K, 111 young (113664K), 1 survivors (1024K)
 Metaspace       used 7318K, capacity 7924K, committed 8064K, reserved 1056768K
  class space    used 728K, capacity 823K, committed 896K, reserved 1048576K
}
Event: 4.622 GC heap after
{Heap after GC invocations=19 (full 0):
 garbage-first heap   total 189440K, used 3673K [0x0000000081a00000, 0x0000000081b005c8, 0x0000000100000000)
  region size 1024K, 2 young (2048K), 2 survivors (2048K)
 Metaspace       used 7318K, capacity 7924K, committed 8064K, reserved 1056768K
  class space    used 728K, capacity 823K, committed 896K, reserved 1048576K
}
Event: 4.795 GC heap before
{Heap before GC invocations=19 (full 0):
 garbage-first heap   total 189440K, used 117337K [0x0000000081a00000, 0x0000000081b005c8, 0x0000000100000000)
  region size 1024K, 111 young (113664K), 2 survivors (2048K)
 Metaspace       used 7320K, capacity 7924K, committed 8064K, reserved 1056768K
  class space    used 728K, capacity 823K, committed 896K, reserved 1048576K
}

