# JRE version: Java(TM) SE Runtime Environment (9.0+11) (build 9.0.4+11)
# Java VM: Java HotSpot(TM) 64-Bit Server VM (9.0.4+11, mixed mode, tiered, compressed oops, g1 gc, windows-amd64)
Heap:
 garbage-first heap   total 240640K, used 3659K [0x0000000081a00000, 0x0000000081b00758, 0x0000000100000000)
  region size 1024K, 2 young (2048K), 2 survivors (2048K)
 Metaspace       used 7064K, capacity 7534K, committed 7808K, reserved 1056768K
  class space    used 704K, capacity 778K, committed 896K, reserved 1048576K
GC Heap History (10 events):
Event: 4.228 GC heap after
{Heap after GC invocations=11 (full 0):
 garbage-first heap   total 131072K, used 2048K [0x0000000081a00000, 0x0000000081b00400, 0x0000000100000000)
  region size 1024K, 2 young (2048K), 2 survivors (2048K)
 Metaspace       used 7024K, capacity 7420K, committed 7552K, reserved 1056768K
  class space    used 698K, capacity 769K, committed 896K, reserved 1048576K
}
Event: 4.341 GC heap before
{Heap before GC invocations=11 (full 0):
 garbage-first heap   total 131072K, used 77824K [0x0000000081a00000, 0x0000000081b00400, 0x0000000100000000)
  region size 1024K, 76 young (77824K), 2 survivors (2048K)
 Metaspace       used 7024K, capacity 7420K, committed 7552K, reserved 1056768K
  class space    used 698K, capacity 769K, committed 896K, reserved 1048576K
}
Event: 4.347 GC heap after
{Heap after GC invocations=12 (full 0):
 garbage-first heap   total 157696K, used 2228K [0x0000000081a00000, 0x0000000081b004d0, 0x0000000100000000)
  region size 1024K, 3 young (3072K), 3 survivors (3072K)
 Metaspace       used 7024K, capacity 7420K, committed 7552K, reserved 1056768K
  class space    used 698K, capacity 769K, committed 896K, reserved 1048576K
}
Event: 4.495 GC heap before
{Heap before GC invocations=12 (full 0):
 garbage-first heap   total 157696K, used 93364K [0x0000000081a00000, 0x0000000081b004d0, 0x0000000100000000)
  region size 1024K, 92 young (94208K), 3 survivors (3072K)
 Metaspace       used 7024K, capacity 7420K, committed 7552K, reserved 1056768K
  class space    used 698K, capacity 769K, committed 896K, reserved 1048576K
}
Event: 4.502 GC heap after
{Heap after GC invocations=13 (full 0):
 garbage-first heap   total 157696K, used 2338K [0x0000000081a00000, 0x0000000081b004d0, 0x0000000100000000)
  region size 1024K, 3 young (3072K), 3 survivors (3072K)
 Metaspace       used 7024K, capacity 7420K, committed 7552K, reserved 1056768K
  class space    used 698K, capacity 769K, committed 896K, reserved 1048576K
}
Event: 4.660 GC heap before
{Heap before GC invocations=13 (full 0):
 garbage-first heap   total 157696K, used 93474K [0x0000000081a00000, 0x0000000081b004d0, 0x0000000100000000)
  region size 1024K, 92 young (94208K), 3 survivors (3072K)
 Metaspace       used 7064K, capacity 7534K, committed 7808K, reserved 1056768K
  class space    used 704K, capacity 778K, committed 896K, reserved 1048576K
}
Event: 4.664 GC heap after
{Heap after GC invocations=14 (full 0):
 garbage-first heap   total 157696K, used 2150K [0x0000000081a00000, 0x0000000081b004d0, 0x0000000100000000)
  region size 1024K, 3 young (3072K), 3 survivors (3072K)
 Metaspace       used 7064K, capacity 7534K, committed 7808K, reserved 1056768K
  class space    used 704K, capacity 778K, committed 896K, reserved 1048576K
}
Event: 4.790 GC heap before
{Heap before GC invocations=14 (full 0):
 garbage-first heap   total 157696K, used 93286K [0x0000000081a00000, 0x0000000081b004d0, 0x0000000100000000)
  region size 1024K, 92 young (94208K), 3 survivors (3072K)
 Metaspace       used 7064K, capacity 7534K, committed 7808K, reserved 1056768K
  class space    used 704K, capacity 778K, committed 896K, reserved 1048576K
}
Event: 4.802 GC heap after
{Heap after GC invocations=15 (full 0):
 garbage-first heap   total 157696K, used 2820K [0x0000000081a00000, 0x0000000081b004d0, 0x0000000100000000)
  region size 1024K, 3 young (3072K), 3 survivors (3072K)
 Metaspace       used 7064K, capacity 7534K, committed 7808K, reserved 1056768K
  class space    used 704K, capacity 778K, committed 896K, reserved 1048576K
}
Event: 4.926 GC heap before
{Heap before GC invocations=15 (full 0):
 garbage-first heap   total 157696K, used 93956K [0x0000000081a00000, 0x0000000081b004d0, 0x0000000100000000)
  region size 1024K, 92 young (94208K), 3 survivors (3072K)
 Metaspace       used 7064K, capacity 7534K, committed 7808K, reserved 1056768K
  class space    used 704K, capacity 778K, committed 896K, reserved 1048576K
}

