# JRE version: Java(TM) SE Runtime Environment (9.0+11) (build 9.0.4+11)
# Java VM: Java HotSpot(TM) 64-Bit Server VM (9.0.4+11, mixed mode, tiered, compressed oops, g1 gc, windows-amd64)
Heap:
 garbage-first heap   total 484352K, used 2414K [0x0000000081a00000, 0x0000000081b00ec8, 0x0000000100000000)
  region size 1024K, 1 young (1024K), 1 survivors (1024K)
 Metaspace       used 7745K, capacity 8482K, committed 8576K, reserved 1056768K
  class space    used 771K, capacity 850K, committed 896K, reserved 1048576K
GC Heap History (10 events):
Event: 3.556 GC heap after
{Heap after GC invocations=17 (full 0):
 garbage-first heap   total 189440K, used 5795K [0x0000000081a00000, 0x0000000081b005c8, 0x0000000100000000)
  region size 1024K, 3 young (3072K), 3 survivors (3072K)
 Metaspace       used 7101K, capacity 7634K, committed 7808K, reserved 1056768K
  class space    used 709K, capacity 782K, committed 896K, reserved 1048576K
}
Event: 3.696 GC heap before
{Heap before GC invocations=17 (full 0):
 garbage-first heap   total 189440K, used 118435K [0x0000000081a00000, 0x0000000081b005c8, 0x0000000100000000)
  region size 1024K, 111 young (113664K), 3 survivors (3072K)
 Metaspace       used 7101K, capacity 7634K, committed 7808K, reserved 1056768K
  class space    used 709K, capacity 782K, committed 896K, reserved 1048576K
}
Event: 3.704 GC heap after
{Heap after GC invocations=18 (full 0):
 garbage-first heap   total 315392K, used 2964K [0x0000000081a00000, 0x0000000081b009a0, 0x0000000100000000)
  region size 1024K, 2 young (2048K), 2 survivors (2048K)
 Metaspace       used 7101K, capacity 7634K, committed 7808K, reserved 1056768K
  class space    used 709K, capacity 782K, committed 896K, reserved 1048576K
}
Event: 3.985 GC heap before
{Heap before GC invocations=18 (full 0):
 garbage-first heap   total 315392K, used 171924K [0x0000000081a00000, 0x0000000081b009a0, 0x0000000100000000)
  region size 1024K, 167 young (171008K), 2 survivors (2048K)
 Metaspace       used 7139K, capacity 7678K, committed 7808K, reserved 1056768K
  class space    used 714K, capacity 790K, committed 896K, reserved 1048576K
}
Event: 3.996 GC heap after
{Heap after GC invocations=19 (full 0):
 garbage-first heap   total 315392K, used 3213K [0x0000000081a00000, 0x0000000081b009a0, 0x0000000100000000)
  region size 1024K, 2 young (2048K), 2 survivors (2048K)
 Metaspace       used 7139K, capacity 7678K, committed 7808K, reserved 1056768K
  class space    used 714K, capacity 790K, committed 896K, reserved 1048576K
}
Event: 4.242 GC heap before
{Heap before GC invocations=19 (full 0):
 garbage-first heap   total 315392K, used 202893K [0x0000000081a00000, 0x0000000081b009a0, 0x0000000100000000)
  region size 1024K, 184 young (188416K), 2 survivors (2048K)
 Metaspace       used 7146K, capacity 7748K, committed 8064K, reserved 1056768K
  class space    used 715K, capacity 791K, committed 896K, reserved 1048576K
}
Event: 4.261 GC heap after
{Heap after GC invocations=20 (full 0):
 garbage-first heap   total 315392K, used 4403K [0x0000000081a00000, 0x0000000081b009a0, 0x0000000100000000)
  region size 1024K, 3 young (3072K), 3 survivors (3072K)
 Metaspace       used 7146K, capacity 7748K, committed 8064K, reserved 1056768K
  class space    used 715K, capacity 791K, committed 896K, reserved 1048576K
}
Event: 4.500 GC heap before
{Heap before GC invocations=20 (full 0):
 garbage-first heap   total 315392K, used 189747K [0x0000000081a00000, 0x0000000081b009a0, 0x0000000100000000)
  region size 1024K, 184 young (188416K), 3 survivors (3072K)
 Metaspace       used 7146K, capacity 7748K, committed 8064K, reserved 1056768K
  class space    used 715K, capacity 791K, committed 896K, reserved 1048576K
}
Event: 4.506 GC heap after
{Heap after GC invocations=21 (full 0):
 garbage-first heap   total 315392K, used 3231K [0x0000000081a00000, 0x0000000081b009a0, 0x0000000100000000)
  region size 1024K, 2 young (2048K), 2 survivors (2048K)
 Metaspace       used 7146K, capacity 7748K, committed 8064K, reserved 1056768K
  class space    used 715K, capacity 791K, committed 896K, reserved 1048576K
}
Event: 4.900 GC heap before
{Heap before GC invocations=21 (full 0):
 garbage-first heap   total 315392K, used 189599K [0x0000000081a00000, 0x0000000081b009a0, 0x0000000100000000)
  region size 1024K, 184 young (188416K), 2 survivors (2048K)
 Metaspace       used 7745K, capacity 8482K, committed 8576K, reserved 1056768K
  class space    used 771K, capacity 850K, committed 896K, reserved 1048576K
}

